> === Turn 4 — P2's turn ===
> Awaken Phase
> Beginning Phase
> P1 drew a card (hand: 2)
> Channel Phase
> P2 channeled a FRY Rune
> P2 channeled a CHS Rune
> P2 drew Raging Soul
> Main Phase — P2 has Priority
[PROMPT] P2: tap runes, play cards, move units, or 'end turn'
[P2] > play raging-soul to base
> P2 added 1 energy to pool
> P2 added 1 energy to pool
> P2 added 1 energy to pool
> P2 added 1 energy to pool
> [P2] Played Raging Soul
> Raging Soul placed at P2 base (exhausted)
[P2] > move chemtech-enforcer-3 to battlefield-a
> [P2] Chemtech Enforcer moved to battlefield-a
> Zaun Warrens is now Contested
> Combat staged at Zaun Warrens
> Combat begins at Zaun Warrens — P2 attacks, P1 defends
[PROMPT] P2: play Action/Reaction card or 'pass' to proceed to damage
[P2] > pass
> [P2] Passed Focus
[PROMPT] P1: play Action/Reaction card or 'pass'
> [P2] pass
[P2] > pass
[ERROR] You do not have Focus.
> [P1] pass
[P1] > pass
> Combat Damage Step at Zaun Warrens
>   Attackers total Might: 4 | Defenders total Might: 2
>   Dealt 2 damage ttech Enforcer
>   Dealt 2 damage to Chemtech Enforcer
> Combat inconclusive — Attacker units recalled to base
> Combat at Zaun Warrens resolved
[P2] > end turn
> Ending Phase
> P2 ended their turn.
